<?xml version="1.0" encoding="UTF-8"?>
<robot generator="Robot 6.1.1 (Python 3.11.8 on darwin)" generated="20240315 17:47:59.750" rpa="false" schemaversion="4">
<suite id="s1" name="allTestCase" source="/Users/cococake/Desktop/Odds_Mar/Practing_Robot_1/tests/allTestCase.robot">
<test id="s1-t1" name="Get Weather3Hours Should Success and return data" line="10">
<kw name="Create Dictionary" library="BuiltIn">
<var>${params}</var>
<arg>type=json</arg>
<doc>Creates and returns a dictionary based on the given ``items``.</doc>
<msg timestamp="20240315 17:48:01.449" level="INFO">${params} = {'type': 'json'}</msg>
<status status="PASS" starttime="20240315 17:48:01.448" endtime="20240315 17:48:01.450"/>
</kw>
<kw name="Get WebElements" library="SeleniumLibrary">
<var>${resp}</var>
<arg>${params}</arg>
<doc>Returns a list of WebElement objects matching the ``locator``.</doc>
<msg timestamp="20240315 17:48:01.451" level="INFO">Cannot capture screenshot because no browser is open.</msg>
<msg timestamp="20240315 17:48:01.452" level="FAIL">No browser is open.</msg>
<status status="FAIL" starttime="20240315 17:48:01.450" endtime="20240315 17:48:01.468"/>
</kw>
<kw name="Log" library="BuiltIn">
<arg>${resp.content}</arg>
<doc>Logs the given message with the given level.</doc>
<status status="NOT RUN" starttime="20240315 17:48:01.471" endtime="20240315 17:48:01.471"/>
</kw>
<status status="FAIL" starttime="20240315 17:48:01.447" endtime="20240315 17:48:01.474">No browser is open.</status>
</test>
<status status="FAIL" starttime="20240315 17:47:59.758" endtime="20240315 17:48:01.475"/>
</suite>
<statistics>
<total>
<stat pass="0" fail="1" skip="0">All Tests</stat>
</total>
<tag>
</tag>
<suite>
<stat pass="0" fail="1" skip="0" id="s1" name="allTestCase">allTestCase</stat>
</suite>
</statistics>
<errors>
<msg timestamp="20240315 17:48:00.415" level="ERROR">Error in file '/Users/cococake/Desktop/Odds_Mar/Practing_Robot_1/tests/allTestCase.robot' on line 3: Importing library 'HttpResponse.Library' failed: ModuleNotFoundError: No module named 'HttpResponse'
Traceback (most recent call last):
  None
PYTHONPATH:
  /Users/cococake/.vscode/extensions/robocorp.robotframework-lsp-1.11.0/src/robotframework_debug_adapter
  /Users/cococake/Desktop/Odds_Mar/Practing_Robot_1
  /Users/cococake/.vscode/extensions/robocorp.robotframework-lsp-1.11.0/src
  /Users/cococake/.vscode/extensions/robocorp.robotframework-lsp-1.11.0/src/robotframework_ls/vendored
  /usr/local/Cellar/python@3.11/3.11.8/Frameworks/Python.framework/Versions/3.11/lib/python311.zip
  /usr/local/Cellar/python@3.11/3.11.8/Frameworks/Python.framework/Versions/3.11/lib/python3.11
  /usr/local/Cellar/python@3.11/3.11.8/Frameworks/Python.framework/Versions/3.11/lib/python3.11/lib-dynload
  /Users/cococake/Desktop/Odds_Mar/Practing_Robot_1/.venv/lib/python3.11/site-packages</msg>
<msg timestamp="20240315 17:48:01.225" level="WARN">Imported library '/Users/cococake/Desktop/Odds_Mar/Practing_Robot_1/.venv/lib/python3.11/site-packages/RPA/Desktop/__init__.py' contains no keywords.</msg>
</errors>
</robot>
